<?xml version="1.0" encoding="UTF-8"?>
<!-- Generated by org.testng.reporters.JUnitReportReporter -->
<testsuite skipped="0" hostname="LAPTOP-OF8JNDJ4" name="com.cr.msupplier.login.LoginTest" tests="1" failures="0" timestamp="09 Jul 2019 02:09:03 GMT" time="14.747" errors="0">
  <testcase name="TestSetup" time="14.747" classname="com.cr.msupplier.login.LoginTest"/>
</testsuite> <!-- com.cr.msupplier.login.LoginTest -->
